<?xml version="1.0" encoding="UTF-8"?>
<!-- Generated by org.testng.reporters.JUnitReportReporter -->
<testsuite hostname="Lenovo-PC" name="com.testng.CartSummaryPage" tests="1" failures="0" timestamp="24 May 2020 02:24:11 GMT" time="2.755" errors="0">
  <testcase name="verifyinitialcartsummarypage" time="2.755" classname="com.testng.CartSummaryPage"/>
</testsuite> <!-- com.testng.CartSummaryPage -->
