<?xml version="1.0" encoding="UTF-8"?>
<!-- Generated by org.testng.reporters.JUnitReportReporter -->
<testsuite hostname="Lenovo-PC" name="com.testng.CustomerService" tests="1" failures="0" timestamp="28 May 2020 01:19:04 GMT" time="6.130" errors="0">
  <testcase name="customerservice_through_contactuspage" time="6.130" classname="com.testng.CustomerService"/>
</testsuite> <!-- com.testng.CustomerService -->
