<?xml version="1.0" encoding="UTF-8"?>
<!-- Generated by org.testng.reporters.JUnitReportReporter -->
<testsuite hostname="Lenovo-PC" name="com.testng.Women" tests="1" failures="0" timestamp="28 May 2020 01:19:04 GMT" time="5.475" errors="0">
  <testcase name="AddTshirtstocart" time="5.475" classname="com.testng.Women"/>
</testsuite> <!-- com.testng.Women -->
