<?xml version="1.0" encoding="UTF-8"?>
<!-- Generated by org.testng.reporters.JUnitReportReporter -->
<testsuite hostname="Lenovo-PC" name="com.testng.SelectDressThroughSearchBar" tests="1" failures="0" timestamp="24 May 2020 02:24:11 GMT" time="38.582" errors="0">
  <testcase name="selectdress" time="38.582" classname="com.testng.SelectDressThroughSearchBar"/>
</testsuite> <!-- com.testng.SelectDressThroughSearchBar -->
